2025-10-03 02:15:24 | INFO | [1/5] Проверка полного покрытия и догрузка недостающих котировок (ensure_full_coverage)...
2025-10-03 02:15:24 | INFO | perspective_shares: найдено 32 инструментов для загрузки цен
2025-10-03 02:15:25 | INFO | compute_all: завершено для 32 бумаг (2025-10-02)
2025-10-03 02:15:25 | INFO | ensure_full_coverage: processed 0 missing of 32 total perspective (coverage=33)
2025-10-03 02:15:25 | INFO | [2/5] Ежедневная инкрементальная догрузка котировок (daily_update_all)...
2025-10-03 02:15:25 | INFO | perspective_shares: найдено 32 инструментов для загрузки цен
2025-10-03 02:15:26 | INFO | GetMoexHistory TQBR AFKS inserted=0 interval 2025-10-03..2025-10-03
2025-10-03 02:15:27 | INFO | GetMoexHistory TQBR ASTR inserted=0 interval 2025-10-03..2025-10-03
2025-10-03 02:15:27 | INFO | GetMoexHistory TQBR BELU inserted=0 interval 2025-10-03..2025-10-03
2025-10-03 02:15:28 | INFO | GetMoexHistory TQBR DATA inserted=0 interval 2025-10-03..2025-10-03
2025-10-03 02:15:29 | INFO | GetMoexHistory TQBR DELI inserted=0 interval 2025-10-03..2025-10-03
2025-10-03 02:15:30 | INFO | GetMoexHistory TQBR ETLN inserted=0 interval 2025-10-03..2025-10-03
2025-10-03 02:15:30 | INFO | GetMoexHistory TQBR EUTR inserted=0 interval 2025-10-03..2025-10-03
2025-10-03 02:15:31 | INFO | GetMoexHistory TQBR HEAD inserted=0 interval 2025-10-03..2025-10-03
2025-10-03 02:15:32 | INFO | GetMoexHistory TQBR HNFG inserted=0 interval 2025-10-03..2025-10-03
2025-10-03 02:15:32 | INFO | GetMoexHistory TQBR IRAO inserted=0 interval 2025-10-03..2025-10-03
2025-10-03 02:15:33 | INFO | GetMoexHistory TQBR IVAT inserted=0 interval 2025-10-03..2025-10-03
2025-10-03 02:15:34 | INFO | GetMoexHistory TQBR LEAS inserted=0 interval 2025-10-03..2025-10-03
2025-10-03 02:15:34 | INFO | GetMoexHistory TQBR LKOH inserted=0 interval 2025-10-03..2025-10-03
2025-10-03 02:15:35 | INFO | GetMoexHistory TQBR OZPH inserted=0 interval 2025-10-03..2025-10-03
2025-10-03 02:15:36 | INFO | GetMoexHistory TQBR PHOR inserted=0 interval 2025-10-03..2025-10-03
2025-10-03 02:15:37 | INFO | GetMoexHistory TQBR PLZL inserted=0 interval 2025-10-03..2025-10-03
2025-10-03 02:15:37 | INFO | GetMoexHistory TQBR PRMD inserted=0 interval 2025-10-03..2025-10-03
2025-10-03 02:15:38 | INFO | GetMoexHistory TQBR RAGR inserted=0 interval 2025-10-03..2025-10-03
2025-10-03 02:15:39 | INFO | GetMoexHistory TQBR RENI inserted=0 interval 2025-10-03..2025-10-03
2025-10-03 02:15:39 | INFO | GetMoexHistory TQBR RTKM inserted=0 interval 2025-10-03..2025-10-03
2025-10-03 02:15:40 | INFO | GetMoexHistory TQBR RTKMP inserted=0 interval 2025-10-03..2025-10-03
2025-10-03 02:15:41 | INFO | GetMoexHistory TQBR SBER inserted=0 interval 2025-10-03..2025-10-03
2025-10-03 02:15:42 | INFO | GetMoexHistory TQBR SBERP inserted=0 interval 2025-10-03..2025-10-03
2025-10-03 02:15:42 | INFO | GetMoexHistory TQBR SFIN inserted=0 interval 2025-10-03..2025-10-03
2025-10-03 02:15:43 | INFO | GetMoexHistory TQBR SMLT inserted=0 interval 2025-10-03..2025-10-03
2025-10-03 02:15:44 | INFO | GetMoexHistory TQBR SNGS inserted=0 interval 2025-10-03..2025-10-03
2025-10-03 02:15:45 | INFO | GetMoexHistory TQBR SOFL inserted=0 interval 2025-10-03..2025-10-03
2025-10-03 02:15:45 | INFO | GetMoexHistory TQBR SVAV inserted=0 interval 2025-10-03..2025-10-03
2025-10-03 02:15:46 | INFO | GetMoexHistory TQBR T inserted=0 interval 2025-10-03..2025-10-03
2025-10-03 02:15:47 | INFO | GetMoexHistory TQBR UGLD inserted=0 interval 2025-10-03..2025-10-03
2025-10-03 02:15:48 | INFO | GetMoexHistory TQBR VSEH inserted=0 interval 2025-10-03..2025-10-03
2025-10-03 02:15:48 | INFO | GetMoexHistory TQBR YDEX inserted=0 interval 2025-10-03..2025-10-03
2025-10-03 02:15:48 | INFO | [3/5] Токен TINKOFF_INVEST_TOKEN не задан — пропуск шага прогнозов.
2025-10-03 02:15:48 | INFO | [4/5] Пересчёт потенциалов...
2025-10-03 02:15:50 | INFO | compute_all: завершено для 32 бумаг (2025-10-02)
2025-10-03 02:15:50 | INFO | [5/5] Экспорт потенциалов (potentials_export.xlsx)...
2025-10-03 02:15:50 | INFO | Экспорт potentials -> potentials_export.xlsx (rows=32)
2025-10-03 02:15:50 | INFO | Полный цикл завершён.
Итог:
 - full_coverage: {'всего_перспективных': 32, 'отсутствовало_до': 0, 'загружено_новых': 0, 'покрытие_после': 33}
 - daily_update: {'добавлено_строк': 0, 'удалено_старых': 0, 'http': 32, 'повторы': 0}
 - potentials: {'статус': 'пересчитано'}
 - export: {'rows': 32, 'excel': 'potentials_export.xlsx', 'json': None}
